<?xml version="1.0" encoding="UTF-8"?>
<!-- Generated by org.testng.reporters.JUnitReportReporter -->
<testsuite skipped="0" hostname="DESKTOP-RRB6SQH" name="pageTests.TestVendorPurchase" tests="1" failures="0" timestamp="28 Apr 2017 16:53:06 GMT" time="49.766" errors="0">
  <testcase name="VendorPurchase" time="49.766" classname="pageTests.TestVendorPurchase"/>
</testsuite> <!-- pageTests.TestVendorPurchase -->
