<?xml version="1.0" encoding="UTF-8"?>
<!-- Generated by org.testng.reporters.JUnitReportReporter -->
<testsuite skipped="0" hostname="DESKTOP-RRB6SQH" name="pageTests.PDPTests" tests="1" failures="0" timestamp="10 Apr 2017 15:10:29 GMT" time="56.318" errors="0">
  <testcase name="f" time="56.318" classname="pageTests.PDPTests"/>
</testsuite> <!-- pageTests.PDPTests -->
