<?xml version="1.0" encoding="UTF-8"?>
<!-- Generated by org.testng.reporters.JUnitReportReporter -->
<testsuite hostname="shivshankarp" name="com.test.PDPTests" tests="1" failures="0" timestamp="6 Nov 2017 13:04:30 GMT" time="113.211" errors="0">
  <testcase name="sendInquiry" time="113.211" classname="com.test.PDPTests"/>
</testsuite> <!-- com.test.PDPTests -->
